This is pdfTeX, Version 3.1415926-1.40.10 (MiKTeX 2.8) (preloaded format=pdflatex 2010.3.16)  13 AUG 2013 18:36
entering extended mode
**MI*Imputation.tex

("C:\Documents and Settings\kevin.obrien\My Documents\My Dropbox\Public\Multiva
riateStats\MI Imputation.tex"
LaTeX2e <2005/12/01>
Babel <v3.8l> and hyphenation patterns for english, dumylang, nohyphenation, ge
rman, ngerman, german-x-2009-06-19, ngerman-x-2009-06-19, french, loaded.
("C:\Program Files\Miktek\tex\latex\base\article.cls"
Document Class: article 2005/09/16 v1.4f Standard LaTeX document class
("C:\Program Files\Miktek\tex\latex\base\size12.clo"
File: size12.clo 2005/09/16 v1.4f Standard LaTeX file (size option)
)
\c@part=\count79
\c@section=\count80
\c@subsection=\count81
\c@subsubsection=\count82
\c@paragraph=\count83
\c@subparagraph=\count84
\c@figure=\count85
\c@table=\count86
\abovecaptionskip=\skip41
\belowcaptionskip=\skip42
\bibindent=\dimen102
)
("C:\Program Files\Miktek\tex\latex\graphics\graphicx.sty"
Package: graphicx 1999/02/16 v1.0f Enhanced LaTeX Graphics (DPC,SPQR)

("C:\Program Files\Miktek\tex\latex\graphics\keyval.sty"
Package: keyval 1999/03/16 v1.13 key=value parser (DPC)
\KV@toks@=\toks14
)
("C:\Program Files\Miktek\tex\latex\graphics\graphics.sty"
Package: graphics 2006/02/20 v1.0o Standard LaTeX Graphics (DPC,SPQR)

("C:\Program Files\Miktek\tex\latex\graphics\trig.sty"
Package: trig 1999/03/16 v1.09 sin cos tan (DPC)
)
("C:\Program Files\Miktek\tex\latex\00miktex\graphics.cfg"
File: graphics.cfg 2007/01/18 v1.5 graphics configuration of teTeX/TeXLive
)
Package graphics Info: Driver file: pdftex.def on input line 90.

("C:\Program Files\Miktek\tex\latex\pdftex-def\pdftex.def"
File: pdftex.def 2009/08/25 v0.04m Graphics/color for pdfTeX
\Gread@gobject=\count87
))
\Gin@req@height=\dimen103
\Gin@req@width=\dimen104
)
("C:\Program Files\Miktek\tex\latex\ltxmisc\framed.sty"
Package: framed 2007/10/04 v 0.95: framed or shaded text with page breaks
\fb@frw=\dimen105
\fb@frh=\dimen106
\FrameRule=\dimen107
\FrameSep=\dimen108
)
("C:\Documents and Settings\kevin.obrien\My Documents\My Dropbox\Public\Multiva
riateStats\MI Imputation.aux")
LaTeX Font Info:    Checking defaults for OML/cmm/m/it on input line 7.
LaTeX Font Info:    ... okay on input line 7.
LaTeX Font Info:    Checking defaults for T1/cmr/m/n on input line 7.
LaTeX Font Info:    ... okay on input line 7.
LaTeX Font Info:    Checking defaults for OT1/cmr/m/n on input line 7.
LaTeX Font Info:    ... okay on input line 7.
LaTeX Font Info:    Checking defaults for OMS/cmsy/m/n on input line 7.
LaTeX Font Info:    ... okay on input line 7.
LaTeX Font Info:    Checking defaults for OMX/cmex/m/n on input line 7.
LaTeX Font Info:    ... okay on input line 7.
LaTeX Font Info:    Checking defaults for U/cmr/m/n on input line 7.
LaTeX Font Info:    ... okay on input line 7.

("C:\Program Files\Miktek\tex\context\base\supp-pdf.tex"
[Loading MPS to PDF converter (version 2006.09.02).]
\scratchcounter=\count88
\scratchdimen=\dimen109
\scratchbox=\box26
\nofMPsegments=\count89
\nofMParguments=\count90
\everyMPshowfont=\toks15
\MPscratchCnt=\count91
\MPscratchDim=\dimen110
\MPnumerator=\count92
\everyMPtoPDFconversion=\toks16
) [1

{C:/Documents and Settings/kevin.obrien/Local Settings/Application Data/MiKTeX/
2.8/pdftex/config/pdftex.map}]
("C:\Documents and Settings\kevin.obrien\My Documents\My Dropbox\Public\Multiva
riateStats\MI Imputation.aux") ) 
Here is how much of TeX's memory you used:
 920 strings out of 495285
 12078 string characters out of 3180663
 58913 words of memory out of 3000000
 4172 multiletter control sequences out of 15000+200000
 4891 words of font info for 18 fonts, out of 3000000 for 9000
 14 hyphenation exceptions out of 8191
 25i,4n,19p,462b,109s stack positions out of 5000i,500n,10000p,200000b,50000s
<C:/Program Files/Miktek/fonts/type1/public/ams
fonts/cm/cmbx12.pfb><C:/Program Files/Miktek/fonts/type1/public/amsfonts/cm/cmr
12.pfb><C:/Program Files/Miktek/fonts/type1/public/amsfonts/cm/cmti12.pfb>
Output written on "MI Imputation.pdf" (1 page, 33714 bytes).
PDF statistics:
 18 PDF objects out of 1000 (max. 8388607)
 0 named destinations out of 1000 (max. 500000)
 1 words of extra memory for PDF output out of 10000 (max. 10000000)

