This is pdfTeX, Version 3.1415926-2.5-1.40.14 (MiKTeX 2.9) (preloaded format=pdflatex 2014.8.26)  26 SEP 2014 22:13
entering extended mode
**PCAwithR.tex
(C:\Users\Kevin\Dropbox\Public\RSTATS\PCAwithR.tex
LaTeX2e <2011/06/27>
Babel <v3.8m> and hyphenation patterns for english, afrikaans, ancientgreek, ar
abic, armenian, assamese, basque, bengali, bokmal, bulgarian, catalan, coptic, 
croatian, czech, danish, dutch, esperanto, estonian, farsi, finnish, french, ga
lician, german, german-x-2013-05-26, greek, gujarati, hindi, hungarian, iceland
ic, indonesian, interlingua, irish, italian, kannada, kurmanji, latin, latvian,
 lithuanian, malayalam, marathi, mongolian, mongolianlmc, monogreek, ngerman, n
german-x-2013-05-26, nynorsk, oriya, panjabi, pinyin, polish, portuguese, roman
ian, russian, sanskrit, serbian, slovak, slovenian, spanish, swedish, swissgerm
an, tamil, telugu, turkish, turkmen, ukenglish, ukrainian, uppersorbian, usengl
ishmax, welsh, loaded.
("C:\Program Files\Miktek\tex\latex\base\article.cls"
Document Class: article 2007/10/19 v1.4h Standard LaTeX document class
("C:\Program Files\Miktek\tex\latex\base\size10.clo"
File: size10.clo 2007/10/19 v1.4h Standard LaTeX file (size option)
)
\c@part=\count79
\c@section=\count80
\c@subsection=\count81
\c@subsubsection=\count82
\c@paragraph=\count83
\c@subparagraph=\count84
\c@figure=\count85
\c@table=\count86
\abovecaptionskip=\skip41
\belowcaptionskip=\skip42
\bibindent=\dimen102
)
("C:\Program Files\Miktek\tex\latex\framed\framed.sty"
Package: framed 2011/10/22 v 0.96: framed or shaded text with page breaks
\OuterFrameSep=\skip43
\fb@frw=\dimen103
\fb@frh=\dimen104
\FrameRule=\dimen105
\FrameSep=\dimen106
)
("C:\Program Files\Miktek\tex\latex\subfiles\subfiles.sty"
Package: subfiles 2012/05/23 Federico Garcia

("C:\Program Files\Miktek\tex\latex\tools\verbatim.sty"
Package: verbatim 2003/08/22 v1.5q LaTeX2e package for verbatim enhancements
\every@verbatim=\toks14
\verbatim@line=\toks15
\verbatim@in@stream=\read1
))
("C:\Program Files\Miktek\tex\latex\graphics\graphicx.sty"
Package: graphicx 1999/02/16 v1.0f Enhanced LaTeX Graphics (DPC,SPQR)

("C:\Program Files\Miktek\tex\latex\graphics\keyval.sty"
Package: keyval 1999/03/16 v1.13 key=value parser (DPC)
\KV@toks@=\toks16
)
("C:\Program Files\Miktek\tex\latex\graphics\graphics.sty"
Package: graphics 2009/02/05 v1.0o Standard LaTeX Graphics (DPC,SPQR)

("C:\Program Files\Miktek\tex\latex\graphics\trig.sty"
Package: trig 1999/03/16 v1.09 sin cos tan (DPC)
)
("C:\Program Files\Miktek\tex\latex\00miktex\graphics.cfg"
File: graphics.cfg 2007/01/18 v1.5 graphics configuration of teTeX/TeXLive
)
Package graphics Info: Driver file: pdftex.def on input line 91.

("C:\Program Files\Miktek\tex\latex\pdftex-def\pdftex.def"
File: pdftex.def 2011/05/27 v0.06d Graphics/color for pdfTeX

("C:\Program Files\Miktek\tex\generic\oberdiek\infwarerr.sty"
Package: infwarerr 2010/04/08 v1.3 Providing info/warning/error messages (HO)
)
("C:\Program Files\Miktek\tex\generic\oberdiek\ltxcmds.sty"
Package: ltxcmds 2011/11/09 v1.22 LaTeX kernel commands for general use (HO)
)
\Gread@gobject=\count87
))
\Gin@req@height=\dimen107
\Gin@req@width=\dimen108
)
(C:\Users\Kevin\Dropbox\Public\RSTATS\PCAwithR.aux

LaTeX Warning: Label `fig:DAquiz3Graph5' multiply defined.

)
LaTeX Font Info:    Checking defaults for OML/cmm/m/it on input line 10.
LaTeX Font Info:    ... okay on input line 10.
LaTeX Font Info:    Checking defaults for T1/cmr/m/n on input line 10.
LaTeX Font Info:    ... okay on input line 10.
LaTeX Font Info:    Checking defaults for OT1/cmr/m/n on input line 10.
LaTeX Font Info:    ... okay on input line 10.
LaTeX Font Info:    Checking defaults for OMS/cmsy/m/n on input line 10.
LaTeX Font Info:    ... okay on input line 10.
LaTeX Font Info:    Checking defaults for OMX/cmex/m/n on input line 10.
LaTeX Font Info:    ... okay on input line 10.
LaTeX Font Info:    Checking defaults for U/cmr/m/n on input line 10.
LaTeX Font Info:    ... okay on input line 10.
 ("C:\Program Files\Miktek\tex\context\base\supp-pdf.mkii"
[Loading MPS to PDF converter (version 2006.09.02).]
\scratchcounter=\count88
\scratchdimen=\dimen109
\scratchbox=\box26
\nofMPsegments=\count89
\nofMParguments=\count90
\everyMPshowfont=\toks17
\MPscratchCnt=\count91
\MPscratchDim=\dimen110
\MPnumerator=\count92
\makeMPintoPDFobject=\count93
\everyMPtoPDFconversion=\toks18
) (C:\Users\Kevin\Dropbox\Public\RSTATS\PCAwithR.toc
LaTeX Font Info:    External font `cmex10' loaded for size
(Font)              <14.4> on input line 3.
LaTeX Font Info:    External font `cmex10' loaded for size
(Font)              <7> on input line 3.
Missing character: There is no Â in font cmbx12!
Missing character: There is no “ in font cmbx12!
Missing character: There is no Â in font cmbx12!
Missing character: There is no ” in font cmbx12!
)
\tf@toc=\write3
 [1

{C:/ProgramData/MiKTeX/2.9/pdftex/config/pdftex.map}]
LaTeX Font Info:    Try loading font information for OMS+cmr on input line 26.

("C:\Program Files\Miktek\tex\latex\base\omscmr.fd"
File: omscmr.fd 1999/05/25 v2.5h Standard LaTeX font definitions
)
LaTeX Font Info:    Font shape `OMS/cmr/m/n' in size <14.4> not available
(Font)              Font shape `OMS/cmsy/m/n' tried instead on input line 26.
 [2] [3]
Overfull \hbox (0.39294pt too wide) in paragraph at lines 50--51
[]\OT1/cmr/m/n/14.4 Principal Com-po-nent Anal-y-sis is a lin-ear \OT1/cmr/bx/n
/14.4 di-men-sion-al-ity re-duc-tion \OT1/cmr/m/n/14.4 tech-
 []

[4] [5] [6] [7]
Missing character: There is no Â in font cmr12!
Missing character: There is no “ in font cmr12!
Missing character: There is no Â in font cmr12!
Missing character: There is no ” in font cmr12!
 [8] [9] [10]
Missing character: There is no Â in font cmbx12!
Missing character: There is no “ in font cmbx12!
Missing character: There is no Â in font cmbx12!
Missing character: There is no ” in font cmbx12!
 [11] [12] [13]
Missing character: There is no Â in font cmr12!
Missing character: There is no “ in font cmr12!
Missing character: There is no Â in font cmr12!
Missing character: There is no ” in font cmr12!
Missing character: There is no Â in font cmr12!
Missing character: There is no “ in font cmr12!
Missing character: There is no Â in font cmr12!
Missing character: There is no ” in font cmr12!

<3AScree1.jpg, id=49, 279.94241pt x 232.96448pt>
File: 3AScree1.jpg Graphic file (type jpg)
 <use 3AScree1.jpg>
Package pdftex.def Info: 3AScree1.jpg used on input line 276.
(pdftex.def)             Requested size: 279.94173pt x 232.9639pt.
 [14 <C:/Users/Kevin/Dropbox/Public/RSTATS/3AScree1.jpg>] [15]
Missing character: There is no Â in font cmr12!
Missing character: There is no “ in font cmr12!
Missing character: There is no Â in font cmr12!
Missing character: There is no ” in font cmr12!

<3AEigen.jpg, id=56, 481.8pt x 204.765pt>
File: 3AEigen.jpg Graphic file (type jpg)
 <use 3AEigen.jpg>
Package pdftex.def Info: 3AEigen.jpg used on input line 317.
(pdftex.def)             Requested size: 433.61598pt x 184.28677pt.


LaTeX Warning: `!h' float specifier changed to `!ht'.

[16] [17 <C:/Users/Kevin/Dropbox/Public/RSTATS/3AEigen.jpg>]
Missing character: There is no Â in font cmr12!
Missing character: There is no “ in font cmr12!
Missing character: There is no Â in font cmr12!
Missing character: There is no ” in font cmr12!
 [18] [19] [20]
[21]
Overfull \hbox (5.62926pt too wide) in paragraph at lines 406--406
[]\OT1/cmtt/m/n/14.4 Proportion of Variance 0.6200604 0.2474413 0.0891408 0.043
35752[] 
 []


Overfull \hbox (5.62926pt too wide) in paragraph at lines 407--407
[]\OT1/cmtt/m/n/14.4 Cumulative Proportion  0.6200604 0.8675017 0.9566425 1.000
00000[] 
 []

[22] [23]
LaTeX Font Info:    Font shape `OT1/cmtt/bx/n' in size <12> not available
(Font)              Font shape `OT1/cmtt/m/n' tried instead on input line 460.
 [24] [25] [26]
<./DAquiz3Graph5b.jpeg, id=94, 1445.4pt x 785.93625pt>
File: ./DAquiz3Graph5b.jpeg Graphic file (type jpg)

<use ./DAquiz3Graph5b.jpeg>
Package pdftex.def Info: ./DAquiz3Graph5b.jpeg used on input line 519.
(pdftex.def)             Requested size: 335.99854pt x 182.6923pt.
 [27] [28 <C:/Users/Kevin/Dropbox/Public/RSTATS/DAquiz3Graph5b.jpeg>] [29]
File: ./DAquiz3Graph5b.jpeg Graphic file (type jpg)
 <use ./DAquiz3Graph5b.jpeg>
Package pdftex.def Info: ./DAquiz3Graph5b.jpeg used on input line 561.
(pdftex.def)             Requested size: 480.0pt x 261.00272pt.
 [30]
(C:\Users\Kevin\Dropbox\Public\RSTATS\PCAwithR.aux)

LaTeX Warning: There were multiply-defined labels.

 ) 
Here is how much of TeX's memory you used:
 1253 strings out of 493921
 16785 string characters out of 3148886
 69156 words of memory out of 3000000
 4569 multiletter control sequences out of 15000+200000
 6817 words of font info for 25 fonts, out of 3000000 for 9000
 841 hyphenation exceptions out of 8191
 27i,6n,19p,583b,255s stack positions out of 5000i,500n,10000p,200000b,50000s
<C:/Program Files/Miktek/fonts/type1/public/amsfonts/cm/cmbx10.pfb><C:/Progra
m Files/Miktek/fonts/type1/public/amsfonts/cm/cmbx12.pfb><C:/Program Files/Mikt
ek/fonts/type1/public/amsfonts/cm/cmbxti10.pfb><C:/Program Files/Miktek/fonts/t
ype1/public/amsfonts/cm/cmr10.pfb><C:/Program Files/Miktek/fonts/type1/public/a
msfonts/cm/cmr12.pfb><C:/Program Files/Miktek/fonts/type1/public/amsfonts/cm/cm
sy10.pfb><C:/Program Files/Miktek/fonts/type1/public/amsfonts/cm/cmti12.pfb><C:
/Program Files/Miktek/fonts/type1/public/amsfonts/cm/cmtt12.pfb>
Output written on PCAwithR.pdf (30 pages, 354061 bytes).
PDF statistics:
 133 PDF objects out of 1000 (max. 8388607)
 0 named destinations out of 1000 (max. 500000)
 16 words of extra memory for PDF output out of 10000 (max. 10000000)

