This is pdfTeX, Version 3.1415926-1.40.10 (MiKTeX 2.8) (preloaded format=pdflatex 2010.3.16)  12 APR 2014 16:01
entering extended mode
**RSTATS*2014*Week*10*Non*Parametric.tex

("C:\Documents and Settings\kevin.obrien\My Documents\My Dropbox\Public\RSTATS\
RSTATS 2014 Week 10 Non Parametric.tex"
LaTeX2e <2005/12/01>
Babel <v3.8l> and hyphenation patterns for english, dumylang, nohyphenation, ge
rman, ngerman, german-x-2009-06-19, ngerman-x-2009-06-19, french, loaded.
("C:\Program Files\Miktek\tex\latex\base\article.cls"
Document Class: article 2005/09/16 v1.4f Standard LaTeX document class
("C:\Program Files\Miktek\tex\latex\base\size12.clo"
File: size12.clo 2005/09/16 v1.4f Standard LaTeX file (size option)
)
\c@part=\count79
\c@section=\count80
\c@subsection=\count81
\c@subsubsection=\count82
\c@paragraph=\count83
\c@subparagraph=\count84
\c@figure=\count85
\c@table=\count86
\abovecaptionskip=\skip41
\belowcaptionskip=\skip42
\bibindent=\dimen102
)
("C:\Program Files\Miktek\tex\latex\eurosym\eurosym.sty"
Package: eurosym 1998/08/06 v1.1 European currency symbol ``Euro''
\@eurobox=\box26
)
("C:\Program Files\Miktek\tex\latex\ieeepes\vmargin.sty"
Package: vmargin 1999/06/01

Package `vmargin', V2.2, <1999/06/01>
\PaperWidth=\dimen103
\PaperHeight=\dimen104
) ("C:\Program Files\Miktek\tex\latex\ams\math\amsmath.sty"
Package: amsmath 2000/07/18 v2.13 AMS math features
\@mathmargin=\skip43

For additional information on amsmath, use the `?' option.
("C:\Program Files\Miktek\tex\latex\ams\math\amstext.sty"
Package: amstext 2000/06/29 v2.01

("C:\Program Files\Miktek\tex\latex\ams\math\amsgen.sty"
File: amsgen.sty 1999/11/30 v2.0
\@emptytoks=\toks14
\ex@=\dimen105
))
("C:\Program Files\Miktek\tex\latex\ams\math\amsbsy.sty"
Package: amsbsy 1999/11/29 v1.2d
\pmbraise@=\dimen106
)
("C:\Program Files\Miktek\tex\latex\ams\math\amsopn.sty"
Package: amsopn 1999/12/14 v2.01 operator names
)
\inf@bad=\count87
LaTeX Info: Redefining \frac on input line 211.
\uproot@=\count88
\leftroot@=\count89
LaTeX Info: Redefining \overline on input line 307.
\classnum@=\count90
\DOTSCASE@=\count91
LaTeX Info: Redefining \ldots on input line 379.
LaTeX Info: Redefining \dots on input line 382.
LaTeX Info: Redefining \cdots on input line 467.
\Mathstrutbox@=\box27
\strutbox@=\box28
\big@size=\dimen107
LaTeX Font Info:    Redeclaring font encoding OML on input line 567.
LaTeX Font Info:    Redeclaring font encoding OMS on input line 568.
\macc@depth=\count92
\c@MaxMatrixCols=\count93
\dotsspace@=\muskip10
\c@parentequation=\count94
\dspbrk@lvl=\count95
\tag@help=\toks15
\row@=\count96
\column@=\count97
\maxfields@=\count98
\andhelp@=\toks16
\eqnshift@=\dimen108
\alignsep@=\dimen109
\tagshift@=\dimen110
\tagwidth@=\dimen111
\totwidth@=\dimen112
\lineht@=\dimen113
\@envbody=\toks17
\multlinegap=\skip44
\multlinetaggap=\skip45
\mathdisplay@stack=\toks18
LaTeX Info: Redefining \[ on input line 2666.
LaTeX Info: Redefining \] on input line 2667.
)
("C:\Program Files\Miktek\tex\latex\graphics\graphics.sty"
Package: graphics 2006/02/20 v1.0o Standard LaTeX Graphics (DPC,SPQR)

("C:\Program Files\Miktek\tex\latex\graphics\trig.sty"
Package: trig 1999/03/16 v1.09 sin cos tan (DPC)
)
("C:\Program Files\Miktek\tex\latex\00miktex\graphics.cfg"
File: graphics.cfg 2007/01/18 v1.5 graphics configuration of teTeX/TeXLive
)
Package graphics Info: Driver file: pdftex.def on input line 90.

("C:\Program Files\Miktek\tex\latex\pdftex-def\pdftex.def"
File: pdftex.def 2009/08/25 v0.04m Graphics/color for pdfTeX
\Gread@gobject=\count99
))
("C:\Program Files\Miktek\tex\latex\graphics\epsfig.sty"
Package: epsfig 1999/02/16 v1.7a (e)psfig emulation (SPQR)

("C:\Program Files\Miktek\tex\latex\graphics\graphicx.sty"
Package: graphicx 1999/02/16 v1.0f Enhanced LaTeX Graphics (DPC,SPQR)

("C:\Program Files\Miktek\tex\latex\graphics\keyval.sty"
Package: keyval 1999/03/16 v1.13 key=value parser (DPC)
\KV@toks@=\toks19
)
\Gin@req@height=\dimen114
\Gin@req@width=\dimen115
)
\epsfxsize=\dimen116
\epsfysize=\dimen117
)
("C:\Program Files\Miktek\tex\latex\subfigure\subfigure.sty"
Package: subfigure 2002/07/30 v2.1.4 subfigure package
\subfigtopskip=\skip46
\subfigcapskip=\skip47
\subfigcaptopadj=\dimen118
\subfigbottomskip=\skip48
\subfigcapmargin=\dimen119
\subfiglabelskip=\skip49
\c@subfigure=\count100
\c@lofdepth=\count101
\c@subtable=\count102
\c@lotdepth=\count103

****************************************
* Local config file subfigure.cfg used *
****************************************
("C:\Program Files\Miktek\tex\latex\subfigure\subfigure.cfg")
\subfig@top=\skip50
\subfig@bottom=\skip51
)
("C:\Program Files\Miktek\tex\latex\fancyhdr\fancyhdr.sty"
\fancy@headwidth=\skip52
\f@ncyO@elh=\skip53
\f@ncyO@erh=\skip54
\f@ncyO@olh=\skip55
\f@ncyO@orh=\skip56
\f@ncyO@elf=\skip57
\f@ncyO@erf=\skip58
\f@ncyO@olf=\skip59
\f@ncyO@orf=\skip60
)
("C:\Program Files\Miktek\tex\latex\ltxmisc\framed.sty"
Package: framed 2007/10/04 v 0.95: framed or shaded text with page breaks
\fb@frw=\dimen120
\fb@frh=\dimen121
\FrameRule=\dimen122
\FrameSep=\dimen123
)
("C:\Documents and Settings\kevin.obrien\My Documents\My Dropbox\Public\RSTATS\
RSTATS 2014 Week 10 Non Parametric.aux")
LaTeX Font Info:    Checking defaults for OML/cmm/m/it on input line 27.
LaTeX Font Info:    ... okay on input line 27.
LaTeX Font Info:    Checking defaults for T1/cmr/m/n on input line 27.
LaTeX Font Info:    ... okay on input line 27.
LaTeX Font Info:    Checking defaults for OT1/cmr/m/n on input line 27.
LaTeX Font Info:    ... okay on input line 27.
LaTeX Font Info:    Checking defaults for OMS/cmsy/m/n on input line 27.
LaTeX Font Info:    ... okay on input line 27.
LaTeX Font Info:    Checking defaults for OMX/cmex/m/n on input line 27.
LaTeX Font Info:    ... okay on input line 27.
LaTeX Font Info:    Checking defaults for U/cmr/m/n on input line 27.
LaTeX Font Info:    ... okay on input line 27.

("C:\Program Files\Miktek\tex\context\base\supp-pdf.tex"
[Loading MPS to PDF converter (version 2006.09.02).]
\scratchcounter=\count104
\scratchdimen=\dimen124
\scratchbox=\box29
\nofMPsegments=\count105
\nofMParguments=\count106
\everyMPshowfont=\toks20
\MPscratchCnt=\count107
\MPscratchDim=\dimen125
\MPnumerator=\count108
\everyMPtoPDFconversion=\toks21
)
("C:\Documents and Settings\kevin.obrien\My Documents\My Dropbox\Public\RSTATS\
RSTATS 2014 Week 10 Non Parametric.toc")
\tf@toc=\write3
 [1{C:/Documents and Settings/kevin.obrien/Local Settings/Application Data/MiKT
eX/2.8/pdftex/config/pdftex.map}

]
LaTeX Font Info:    Try loading font information for OMS+cmr on input line 51.

("C:\Program Files\Miktek\tex\latex\base\omscmr.fd"
File: omscmr.fd 1999/05/25 v2.5h Standard LaTeX font definitions
)
LaTeX Font Info:    Font shape `OMS/cmr/m/n' in size <12> not available
(Font)              Font shape `OMS/cmsy/m/n' tried instead on input line 51.

Underfull \hbox (badness 10000) in paragraph at lines 58--65

 []

Missing character: There is no â in font cmr12!
Missing character: There is no € in font cmr12!
Missing character: There is no ™ in font cmr12!
[2] [3] <./mpgboxplot.jpeg, id=19, 1284.8pt x 691.58376pt>
File: ./mpgboxplot.jpeg Graphic file (type jpg)

<use ./mpgboxplot.jpeg> [4 <C:/Documents and Settings/kevin.obrien/My Documents
/My Dropbox/Public/RSTATS/mpgboxplot.jpeg>]
("C:\Documents and Settings\kevin.obrien\My Documents\My Dropbox\Public\RSTATS\
RSTATS 2014 Week 10 Non Parametric.aux") ) 
Here is how much of TeX's memory you used:
 2028 strings out of 495285
 25471 string characters out of 3180663
 80753 words of memory out of 3000000
 5221 multiletter control sequences out of 15000+200000
 9443 words of font info for 34 fonts, out of 3000000 for 9000
 14 hyphenation exceptions out of 8191
 30i,11n,43p,466b,217s stack positions out of 5000i,500n,10000p,200000b,50000s
<C:/Program Files/Miktek/fonts/type1/
public/amsfonts/cm/cmbx12.pfb><C:/Program Files/Miktek/fonts/type1/public/amsfo
nts/cm/cmbxti10.pfb><C:/Program Files/Miktek/fonts/type1/public/amsfonts/cm/cmm
i12.pfb><C:/Program Files/Miktek/fonts/type1/public/amsfonts/cm/cmr12.pfb><C:/P
rogram Files/Miktek/fonts/type1/public/amsfonts/cm/cmr8.pfb><C:/Program Files/M
iktek/fonts/type1/public/amsfonts/cm/cmsy10.pfb><C:/Program Files/Miktek/fonts/
type1/public/amsfonts/cm/cmti12.pfb><C:/Program Files/Miktek/fonts/type1/public
/amsfonts/cm/cmtt12.pfb>
Output written on "RSTATS 2014 Week 10 Non Parametric.pdf" (4 pages, 168726 byt
es).
PDF statistics:
 48 PDF objects out of 1000 (max. 8388607)
 0 named destinations out of 1000 (max. 500000)
 6 words of extra memory for PDF output out of 10000 (max. 10000000)

